2023-04-10 15:05:40,888 ERROR Internal Server Error: /articles/articles/3 C:\Users\Андрей\Desktop\Учебник Python\NewsPortal\venv\lib\site-packages\django\utils\log.py (<class 'django.urls.exceptions.NoReverseMatch'>, NoReverseMatch("Reverse for 'news_list' not found. 'news_list' is not a valid view function or pattern name."), <traceback object at 0x00000251C73E5500>)
Traceback (most recent call last):
  File "C:\Users\Андрей\Desktop\Учебник Python\NewsPortal\venv\lib\site-packages\django\core\handlers\exception.py", line 55, in inner
    response = get_response(request)
  File "C:\Users\Андрей\Desktop\Учебник Python\NewsPortal\venv\lib\site-packages\django\core\handlers\base.py", line 220, in _get_response
    response = response.render()
  File "C:\Users\Андрей\Desktop\Учебник Python\NewsPortal\venv\lib\site-packages\django\template\response.py", line 114, in render
    self.content = self.rendered_content
  File "C:\Users\Андрей\Desktop\Учебник Python\NewsPortal\venv\lib\site-packages\django\template\response.py", line 92, in rendered_content
    return template.render(context, self._request)
  File "C:\Users\Андрей\Desktop\Учебник Python\NewsPortal\venv\lib\site-packages\django\template\backends\django.py", line 62, in render
    return self.template.render(context)
  File "C:\Users\Андрей\Desktop\Учебник Python\NewsPortal\venv\lib\site-packages\django\template\base.py", line 175, in render
    return self._render(context)
  File "C:\Users\Андрей\Desktop\Учебник Python\NewsPortal\venv\lib\site-packages\django\template\base.py", line 167, in _render
    return self.nodelist.render(context)
  File "C:\Users\Андрей\Desktop\Учебник Python\NewsPortal\venv\lib\site-packages\django\template\base.py", line 1005, in render
    return SafeString("".join([node.render_annotated(context) for node in self]))
  File "C:\Users\Андрей\Desktop\Учебник Python\NewsPortal\venv\lib\site-packages\django\template\base.py", line 1005, in <listcomp>
    return SafeString("".join([node.render_annotated(context) for node in self]))
  File "C:\Users\Андрей\Desktop\Учебник Python\NewsPortal\venv\lib\site-packages\django\template\base.py", line 966, in render_annotated
    return self.render(context)
  File "C:\Users\Андрей\Desktop\Учебник Python\NewsPortal\venv\lib\site-packages\django\template\loader_tags.py", line 157, in render
    return compiled_parent._render(context)
  File "C:\Users\Андрей\Desktop\Учебник Python\NewsPortal\venv\lib\site-packages\django\template\base.py", line 167, in _render
    return self.nodelist.render(context)
  File "C:\Users\Андрей\Desktop\Учебник Python\NewsPortal\venv\lib\site-packages\django\template\base.py", line 1005, in render
    return SafeString("".join([node.render_annotated(context) for node in self]))
  File "C:\Users\Андрей\Desktop\Учебник Python\NewsPortal\venv\lib\site-packages\django\template\base.py", line 1005, in <listcomp>
    return SafeString("".join([node.render_annotated(context) for node in self]))
  File "C:\Users\Андрей\Desktop\Учебник Python\NewsPortal\venv\lib\site-packages\django\template\base.py", line 966, in render_annotated
    return self.render(context)
  File "C:\Users\Андрей\Desktop\Учебник Python\NewsPortal\venv\lib\site-packages\django\template\loader_tags.py", line 63, in render
    result = block.nodelist.render(context)
  File "C:\Users\Андрей\Desktop\Учебник Python\NewsPortal\venv\lib\site-packages\django\template\base.py", line 1005, in render
    return SafeString("".join([node.render_annotated(context) for node in self]))
  File "C:\Users\Андрей\Desktop\Учебник Python\NewsPortal\venv\lib\site-packages\django\template\base.py", line 1005, in <listcomp>
    return SafeString("".join([node.render_annotated(context) for node in self]))
  File "C:\Users\Андрей\Desktop\Учебник Python\NewsPortal\venv\lib\site-packages\django\template\base.py", line 966, in render_annotated
    return self.render(context)
  File "C:\Users\Андрей\Desktop\Учебник Python\NewsPortal\venv\lib\site-packages\django\template\defaulttags.py", line 472, in render
    url = reverse(view_name, args=args, kwargs=kwargs, current_app=current_app)
  File "C:\Users\Андрей\Desktop\Учебник Python\NewsPortal\venv\lib\site-packages\django\urls\base.py", line 88, in reverse
    return resolver._reverse_with_prefix(view, prefix, *args, **kwargs)
  File "C:\Users\Андрей\Desktop\Учебник Python\NewsPortal\venv\lib\site-packages\django\urls\resolvers.py", line 828, in _reverse_with_prefix
    raise NoReverseMatch(msg)
django.urls.exceptions.NoReverseMatch: Reverse for 'news_list' not found. 'news_list' is not a valid view function or pattern name.
2023-04-10 15:05:40,891 ERROR "GET /articles/articles/3 HTTP/1.1" 500 173714 C:\Users\Андрей\Desktop\Учебник Python\NewsPortal\venv\lib\site-packages\django\core\servers\basehttp.py None
2023-04-10 15:06:08,011 ERROR Internal Server Error: /articles/search/ C:\Users\Андрей\Desktop\Учебник Python\NewsPortal\venv\lib\site-packages\django\utils\log.py (<class 'django.urls.exceptions.NoReverseMatch'>, NoReverseMatch("Reverse for 'news_list' not found. 'news_list' is not a valid view function or pattern name."), <traceback object at 0x00000251C74C3100>)
Traceback (most recent call last):
  File "C:\Users\Андрей\Desktop\Учебник Python\NewsPortal\venv\lib\site-packages\django\core\handlers\exception.py", line 55, in inner
    response = get_response(request)
  File "C:\Users\Андрей\Desktop\Учебник Python\NewsPortal\venv\lib\site-packages\django\core\handlers\base.py", line 220, in _get_response
    response = response.render()
  File "C:\Users\Андрей\Desktop\Учебник Python\NewsPortal\venv\lib\site-packages\django\template\response.py", line 114, in render
    self.content = self.rendered_content
  File "C:\Users\Андрей\Desktop\Учебник Python\NewsPortal\venv\lib\site-packages\django\template\response.py", line 92, in rendered_content
    return template.render(context, self._request)
  File "C:\Users\Андрей\Desktop\Учебник Python\NewsPortal\venv\lib\site-packages\django\template\backends\django.py", line 62, in render
    return self.template.render(context)
  File "C:\Users\Андрей\Desktop\Учебник Python\NewsPortal\venv\lib\site-packages\django\template\base.py", line 175, in render
    return self._render(context)
  File "C:\Users\Андрей\Desktop\Учебник Python\NewsPortal\venv\lib\site-packages\django\template\base.py", line 167, in _render
    return self.nodelist.render(context)
  File "C:\Users\Андрей\Desktop\Учебник Python\NewsPortal\venv\lib\site-packages\django\template\base.py", line 1005, in render
    return SafeString("".join([node.render_annotated(context) for node in self]))
  File "C:\Users\Андрей\Desktop\Учебник Python\NewsPortal\venv\lib\site-packages\django\template\base.py", line 1005, in <listcomp>
    return SafeString("".join([node.render_annotated(context) for node in self]))
  File "C:\Users\Андрей\Desktop\Учебник Python\NewsPortal\venv\lib\site-packages\django\template\base.py", line 966, in render_annotated
    return self.render(context)
  File "C:\Users\Андрей\Desktop\Учебник Python\NewsPortal\venv\lib\site-packages\django\template\loader_tags.py", line 157, in render
    return compiled_parent._render(context)
  File "C:\Users\Андрей\Desktop\Учебник Python\NewsPortal\venv\lib\site-packages\django\template\base.py", line 167, in _render
    return self.nodelist.render(context)
  File "C:\Users\Андрей\Desktop\Учебник Python\NewsPortal\venv\lib\site-packages\django\template\base.py", line 1005, in render
    return SafeString("".join([node.render_annotated(context) for node in self]))
  File "C:\Users\Андрей\Desktop\Учебник Python\NewsPortal\venv\lib\site-packages\django\template\base.py", line 1005, in <listcomp>
    return SafeString("".join([node.render_annotated(context) for node in self]))
  File "C:\Users\Андрей\Desktop\Учебник Python\NewsPortal\venv\lib\site-packages\django\template\base.py", line 966, in render_annotated
    return self.render(context)
  File "C:\Users\Андрей\Desktop\Учебник Python\NewsPortal\venv\lib\site-packages\django\template\loader_tags.py", line 63, in render
    result = block.nodelist.render(context)
  File "C:\Users\Андрей\Desktop\Учебник Python\NewsPortal\venv\lib\site-packages\django\template\base.py", line 1005, in render
    return SafeString("".join([node.render_annotated(context) for node in self]))
  File "C:\Users\Андрей\Desktop\Учебник Python\NewsPortal\venv\lib\site-packages\django\template\base.py", line 1005, in <listcomp>
    return SafeString("".join([node.render_annotated(context) for node in self]))
  File "C:\Users\Андрей\Desktop\Учебник Python\NewsPortal\venv\lib\site-packages\django\template\base.py", line 966, in render_annotated
    return self.render(context)
  File "C:\Users\Андрей\Desktop\Учебник Python\NewsPortal\venv\lib\site-packages\django\template\defaulttags.py", line 472, in render
    url = reverse(view_name, args=args, kwargs=kwargs, current_app=current_app)
  File "C:\Users\Андрей\Desktop\Учебник Python\NewsPortal\venv\lib\site-packages\django\urls\base.py", line 88, in reverse
    return resolver._reverse_with_prefix(view, prefix, *args, **kwargs)
  File "C:\Users\Андрей\Desktop\Учебник Python\NewsPortal\venv\lib\site-packages\django\urls\resolvers.py", line 828, in _reverse_with_prefix
    raise NoReverseMatch(msg)
django.urls.exceptions.NoReverseMatch: Reverse for 'news_list' not found. 'news_list' is not a valid view function or pattern name.
2023-04-10 15:06:08,012 ERROR "GET /articles/search/ HTTP/1.1" 500 189819 C:\Users\Андрей\Desktop\Учебник Python\NewsPortal\venv\lib\site-packages\django\core\servers\basehttp.py None
2023-04-10 15:06:11,455 ERROR Internal Server Error: /articles/categories/3 C:\Users\Андрей\Desktop\Учебник Python\NewsPortal\venv\lib\site-packages\django\utils\log.py (<class 'django.urls.exceptions.NoReverseMatch'>, NoReverseMatch("Reverse for 'news_list' not found. 'news_list' is not a valid view function or pattern name."), <traceback object at 0x00000251C77E3640>)
Traceback (most recent call last):
  File "C:\Users\Андрей\Desktop\Учебник Python\NewsPortal\venv\lib\site-packages\django\core\handlers\exception.py", line 55, in inner
    response = get_response(request)
  File "C:\Users\Андрей\Desktop\Учебник Python\NewsPortal\venv\lib\site-packages\django\core\handlers\base.py", line 220, in _get_response
    response = response.render()
  File "C:\Users\Андрей\Desktop\Учебник Python\NewsPortal\venv\lib\site-packages\django\template\response.py", line 114, in render
    self.content = self.rendered_content
  File "C:\Users\Андрей\Desktop\Учебник Python\NewsPortal\venv\lib\site-packages\django\template\response.py", line 92, in rendered_content
    return template.render(context, self._request)
  File "C:\Users\Андрей\Desktop\Учебник Python\NewsPortal\venv\lib\site-packages\django\template\backends\django.py", line 62, in render
    return self.template.render(context)
  File "C:\Users\Андрей\Desktop\Учебник Python\NewsPortal\venv\lib\site-packages\django\template\base.py", line 175, in render
    return self._render(context)
  File "C:\Users\Андрей\Desktop\Учебник Python\NewsPortal\venv\lib\site-packages\django\template\base.py", line 167, in _render
    return self.nodelist.render(context)
  File "C:\Users\Андрей\Desktop\Учебник Python\NewsPortal\venv\lib\site-packages\django\template\base.py", line 1005, in render
    return SafeString("".join([node.render_annotated(context) for node in self]))
  File "C:\Users\Андрей\Desktop\Учебник Python\NewsPortal\venv\lib\site-packages\django\template\base.py", line 1005, in <listcomp>
    return SafeString("".join([node.render_annotated(context) for node in self]))
  File "C:\Users\Андрей\Desktop\Учебник Python\NewsPortal\venv\lib\site-packages\django\template\base.py", line 966, in render_annotated
    return self.render(context)
  File "C:\Users\Андрей\Desktop\Учебник Python\NewsPortal\venv\lib\site-packages\django\template\loader_tags.py", line 157, in render
    return compiled_parent._render(context)
  File "C:\Users\Андрей\Desktop\Учебник Python\NewsPortal\venv\lib\site-packages\django\template\base.py", line 167, in _render
    return self.nodelist.render(context)
  File "C:\Users\Андрей\Desktop\Учебник Python\NewsPortal\venv\lib\site-packages\django\template\base.py", line 1005, in render
    return SafeString("".join([node.render_annotated(context) for node in self]))
  File "C:\Users\Андрей\Desktop\Учебник Python\NewsPortal\venv\lib\site-packages\django\template\base.py", line 1005, in <listcomp>
    return SafeString("".join([node.render_annotated(context) for node in self]))
  File "C:\Users\Андрей\Desktop\Учебник Python\NewsPortal\venv\lib\site-packages\django\template\base.py", line 966, in render_annotated
    return self.render(context)
  File "C:\Users\Андрей\Desktop\Учебник Python\NewsPortal\venv\lib\site-packages\django\template\loader_tags.py", line 63, in render
    result = block.nodelist.render(context)
  File "C:\Users\Андрей\Desktop\Учебник Python\NewsPortal\venv\lib\site-packages\django\template\base.py", line 1005, in render
    return SafeString("".join([node.render_annotated(context) for node in self]))
  File "C:\Users\Андрей\Desktop\Учебник Python\NewsPortal\venv\lib\site-packages\django\template\base.py", line 1005, in <listcomp>
    return SafeString("".join([node.render_annotated(context) for node in self]))
  File "C:\Users\Андрей\Desktop\Учебник Python\NewsPortal\venv\lib\site-packages\django\template\base.py", line 966, in render_annotated
    return self.render(context)
  File "C:\Users\Андрей\Desktop\Учебник Python\NewsPortal\venv\lib\site-packages\django\template\defaulttags.py", line 322, in render
    return nodelist.render(context)
  File "C:\Users\Андрей\Desktop\Учебник Python\NewsPortal\venv\lib\site-packages\django\template\base.py", line 1005, in render
    return SafeString("".join([node.render_annotated(context) for node in self]))
  File "C:\Users\Андрей\Desktop\Учебник Python\NewsPortal\venv\lib\site-packages\django\template\base.py", line 1005, in <listcomp>
    return SafeString("".join([node.render_annotated(context) for node in self]))
  File "C:\Users\Андрей\Desktop\Учебник Python\NewsPortal\venv\lib\site-packages\django\template\base.py", line 966, in render_annotated
    return self.render(context)
  File "C:\Users\Андрей\Desktop\Учебник Python\NewsPortal\venv\lib\site-packages\django\template\defaulttags.py", line 472, in render
    url = reverse(view_name, args=args, kwargs=kwargs, current_app=current_app)
  File "C:\Users\Андрей\Desktop\Учебник Python\NewsPortal\venv\lib\site-packages\django\urls\base.py", line 88, in reverse
    return resolver._reverse_with_prefix(view, prefix, *args, **kwargs)
  File "C:\Users\Андрей\Desktop\Учебник Python\NewsPortal\venv\lib\site-packages\django\urls\resolvers.py", line 828, in _reverse_with_prefix
    raise NoReverseMatch(msg)
django.urls.exceptions.NoReverseMatch: Reverse for 'news_list' not found. 'news_list' is not a valid view function or pattern name.
2023-04-10 15:06:11,456 ERROR "GET /articles/categories/3 HTTP/1.1" 500 314853 C:\Users\Андрей\Desktop\Учебник Python\NewsPortal\venv\lib\site-packages\django\core\servers\basehttp.py None
